// 同步 ID: b033e574 @ Wed May  6 16:51:16 UTC 2026
// 重构日志: 39863d1c
// 重构日志: 392521d2
// 重构日志: 55d24a5a
// 重构日志: 95154d37
// 重构日志: 3a3e648c
// 重构日志: 5e458c6e
// 同步 ID: f9d31eb8 @ Thu May 14 09:07:57 UTC 2026
// 重构日志: 24447fd1
// 同步 ID: ab553246 @ Sun May 24 10:00:55 UTC 2026
// 重构日志: e73e7b65
// 重构日志: ad2885d3
// 重构日志: dd6e6d25
// 重构日志: 624ff6f9
// 重构日志: 53e859fc
// 重构日志: 26c7620c
// 重构日志: ee03c20c
// 重构日志: ee747779
// 重构日志: 8b1027ff
// 同步 ID: 359c9125 @ Thu Jun  4 14:24:00 UTC 2026
// 重构日志: 87443d74
// 重构日志: 221f018d
// 重构日志: 82140527
// 重构日志: 190e5f31
// 重构日志: 05817fea
// 同步 ID: 561726d7 @ Sun Jun  7 10:54:32 UTC 2026
// 重构日志: db0ecdf4
// 同步 ID: 19c49523 @ Sun Jun  7 18:30:07 UTC 2026
// 同步 ID: 746b44bb @ Mon Jun  8 06:18:30 UTC 2026
// 同步 ID: 5d4b0593 @ Wed Jun 10 07:36:14 UTC 2026
